<?xml version="1.0" encoding="UTF-8"?>
<!-- Generated by org.testng.reporters.JUnitReportReporter -->
<testsuite skipped="13" hostname="MAASDS02610A" name="com.bis.testcases.TC006_BIS_ASO" tests="76" failures="0" timestamp="2022-09-26T12:13:40 IST" time="8313.224" errors="7">
  <testcase name="adminLoginCheck" time="146.458" classname="com.bis.testcases.TC006_BIS_ASO"/>
  <system-out/>
  <testcase name="adminLoginCheck" time="138.013" classname="com.bis.testcases.TC006_BIS_ASO"/>
  <system-out/>
  <testcase name="adminLoginCheck" time="131.511" classname="com.bis.testcases.TC006_BIS_ASO"/>
  <system-out/>
  <testcase name="adminLoginCheck" time="1.480" classname="com.bis.testcases.TC006_BIS_ASO">
    <skipped/>
  </testcase> <!-- adminLoginCheck -->
  <system-out/>
  <testcase name="adminLoginCheck" time="145.053" classname="com.bis.testcases.TC006_BIS_ASO"/>
  <system-out/>
  <testcase name="adminLoginCheck" time="175.599" classname="com.bis.testcases.TC006_BIS_ASO">
    <error type="org.openqa.selenium.NoSuchElementException" message="no such element: Unable to locate element: {&quot;method&quot;:&quot;xpath&quot;,&quot;selector&quot;:&quot;//input[@id=&#039;ex_ser_per&#039;]&quot;}
  (Session info: chrome=105.0.5195.127)
For documentation on this error, please visit: http://seleniumhq.org/exceptions/no_such_element.html
Build info: version: &#039;3.13.0&#039;, revision: &#039;2f0d292&#039;, time: &#039;2018-06-25T15:24:21.231Z&#039;
System info: host: &#039;MAASDS02610A&#039;, ip: &#039;100.67.35.218&#039;, os.name: &#039;Windows 10&#039;, os.arch: &#039;amd64&#039;, os.version: &#039;10.0&#039;, java.version: &#039;1.8.0_281&#039;
Driver info: org.openqa.selenium.chrome.ChromeDriver
Capabilities {acceptInsecureCerts: false, browserName: chrome, browserVersion: 105.0.5195.127, chrome: {chromedriverVersion: 105.0.5195.52 (412c95e51883..., userDataDir: C:\Users\SDS02610\AppData\L...}, goog:chromeOptions: {debuggerAddress: localhost:61045}, javascriptEnabled: true, networkConnectionEnabled: false, pageLoadStrategy: normal, platform: WINDOWS, platformName: WINDOWS, proxy: Proxy(), setWindowRect: true, strictFileInteractability: false, timeouts: {implicit: 0, pageLoad: 300000, script: 30000}, unhandledPromptBehavior: dismiss and notify, webauthn:extension:credBlob: true, webauthn:extension:largeBlob: true, webauthn:virtualAuthenticators: true}
Session ID: 07d86d3aedd30ae7207f4f9501e95752
*** Element info: {Using=xpath, value=//input[@id=&#039;ex_ser_per&#039;]}">
      <![CDATA[org.openqa.selenium.NoSuchElementException: no such element: Unable to locate element: {"method":"xpath","selector":"//input[@id='ex_ser_per']"}
  (Session info: chrome=105.0.5195.127)
For documentation on this error, please visit: http://seleniumhq.org/exceptions/no_such_element.html
Build info: version: '3.13.0', revision: '2f0d292', time: '2018-06-25T15:24:21.231Z'
System info: host: 'MAASDS02610A', ip: '100.67.35.218', os.name: 'Windows 10', os.arch: 'amd64', os.version: '10.0', java.version: '1.8.0_281'
Driver info: org.openqa.selenium.chrome.ChromeDriver
Capabilities {acceptInsecureCerts: false, browserName: chrome, browserVersion: 105.0.5195.127, chrome: {chromedriverVersion: 105.0.5195.52 (412c95e51883..., userDataDir: C:\Users\SDS02610\AppData\L...}, goog:chromeOptions: {debuggerAddress: localhost:61045}, javascriptEnabled: true, networkConnectionEnabled: false, pageLoadStrategy: normal, platform: WINDOWS, platformName: WINDOWS, proxy: Proxy(), setWindowRect: true, strictFileInteractability: false, timeouts: {implicit: 0, pageLoad: 300000, script: 30000}, unhandledPromptBehavior: dismiss and notify, webauthn:extension:credBlob: true, webauthn:extension:largeBlob: true, webauthn:virtualAuthenticators: true}
Session ID: 07d86d3aedd30ae7207f4f9501e95752
*** Element info: {Using=xpath, value=//input[@id='ex_ser_per']}
at sun.reflect.NativeConstructorAccessorImpl.newInstance0(Native Method)
at sun.reflect.NativeConstructorAccessorImpl.newInstance(Unknown Source)
at sun.reflect.DelegatingConstructorAccessorImpl.newInstance(Unknown Source)
at java.lang.reflect.Constructor.newInstance(Unknown Source)
at org.openqa.selenium.remote.http.W3CHttpResponseCodec.createException(W3CHttpResponseCodec.java:187)
at org.openqa.selenium.remote.http.W3CHttpResponseCodec.decode(W3CHttpResponseCodec.java:122)
at org.openqa.selenium.remote.http.W3CHttpResponseCodec.decode(W3CHttpResponseCodec.java:49)
at org.openqa.selenium.remote.HttpCommandExecutor.execute(HttpCommandExecutor.java:158)
at org.openqa.selenium.remote.service.DriverCommandExecutor.execute(DriverCommandExecutor.java:83)
at org.openqa.selenium.remote.RemoteWebDriver.execute(RemoteWebDriver.java:548)
at org.openqa.selenium.remote.RemoteWebDriver.findElement(RemoteWebDriver.java:322)
at org.openqa.selenium.remote.RemoteWebDriver.findElementByXPath(RemoteWebDriver.java:424)
at lib.selenium.WebDriverServiceImpl.locateElement(WebDriverServiceImpl.java:301)
at com.ibps.pages.DetailsPage_Basic.enterInputData(DetailsPage_Basic.java:151)
at com.bis.testcases.TC006_BIS_ASO.adminLoginCheck(TC006_BIS_ASO.java:88)
at sun.reflect.GeneratedMethodAccessor61.invoke(Unknown Source)
at sun.reflect.DelegatingMethodAccessorImpl.invoke(Unknown Source)
at java.lang.reflect.Method.invoke(Unknown Source)
at org.testng.internal.MethodInvocationHelper.invokeMethod(MethodInvocationHelper.java:133)
at org.testng.internal.TestInvoker.invokeMethod(TestInvoker.java:598)
at org.testng.internal.TestInvoker.invokeTestMethod(TestInvoker.java:173)
at org.testng.internal.MethodRunner.runInSequence(MethodRunner.java:46)
at org.testng.internal.TestInvoker$MethodInvocationAgent.invoke(TestInvoker.java:824)
at org.testng.internal.TestInvoker.invokeTestMethods(TestInvoker.java:146)
at org.testng.internal.TestMethodWorker.invokeTestMethods(TestMethodWorker.java:146)
at org.testng.internal.TestMethodWorker.run(TestMethodWorker.java:128)
at java.util.ArrayList.forEach(Unknown Source)
at org.testng.TestRunner.privateRun(TestRunner.java:794)
at org.testng.TestRunner.run(TestRunner.java:596)
at org.testng.SuiteRunner.runTest(SuiteRunner.java:377)
at org.testng.SuiteRunner.runSequentially(SuiteRunner.java:371)
at org.testng.SuiteRunner.privateRun(SuiteRunner.java:332)
at org.testng.SuiteRunner.run(SuiteRunner.java:276)
at org.testng.SuiteRunnerWorker.runSuite(SuiteRunnerWorker.java:53)
at org.testng.SuiteRunnerWorker.run(SuiteRunnerWorker.java:96)
at org.testng.TestNG.runSuitesSequentially(TestNG.java:1212)
at org.testng.TestNG.runSuitesLocally(TestNG.java:1134)
at org.testng.TestNG.runSuites(TestNG.java:1063)
at org.testng.TestNG.run(TestNG.java:1031)
at org.testng.remote.AbstractRemoteTestNG.run(AbstractRemoteTestNG.java:115)
at org.testng.remote.RemoteTestNG.initAndRun(RemoteTestNG.java:251)
at org.testng.remote.RemoteTestNG.main(RemoteTestNG.java:77)
]]>
    </error>
  </testcase> <!-- adminLoginCheck -->
  <system-out/>
  <testcase name="adminLoginCheck" time="137.201" classname="com.bis.testcases.TC006_BIS_ASO"/>
  <system-out/>
  <testcase name="adminLoginCheck" time="130.282" classname="com.bis.testcases.TC006_BIS_ASO"/>
  <system-out/>
  <testcase name="adminLoginCheck" time="155.848" classname="com.bis.testcases.TC006_BIS_ASO"/>
  <system-out/>
  <testcase name="adminLoginCheck" time="1.620" classname="com.bis.testcases.TC006_BIS_ASO">
    <skipped/>
  </testcase> <!-- adminLoginCheck -->
  <system-out/>
  <testcase name="adminLoginCheck" time="127.538" classname="com.bis.testcases.TC006_BIS_ASO"/>
  <system-out/>
  <testcase name="adminLoginCheck" time="1.440" classname="com.bis.testcases.TC006_BIS_ASO">
    <skipped/>
  </testcase> <!-- adminLoginCheck -->
  <system-out/>
  <testcase name="adminLoginCheck" time="1.771" classname="com.bis.testcases.TC006_BIS_ASO">
    <skipped/>
  </testcase> <!-- adminLoginCheck -->
  <system-out/>
  <testcase name="adminLoginCheck" time="125.851" classname="com.bis.testcases.TC006_BIS_ASO"/>
  <system-out/>
  <testcase name="adminLoginCheck" time="1.434" classname="com.bis.testcases.TC006_BIS_ASO">
    <skipped/>
  </testcase> <!-- adminLoginCheck -->
  <system-out/>
  <testcase name="adminLoginCheck" time="134.012" classname="com.bis.testcases.TC006_BIS_ASO"/>
  <system-out/>
  <testcase name="adminLoginCheck" time="127.149" classname="com.bis.testcases.TC006_BIS_ASO"/>
  <system-out/>
  <testcase name="adminLoginCheck" time="137.655" classname="com.bis.testcases.TC006_BIS_ASO"/>
  <system-out/>
  <testcase name="adminLoginCheck" time="129.781" classname="com.bis.testcases.TC006_BIS_ASO"/>
  <system-out/>
  <testcase name="adminLoginCheck" time="18.578" classname="com.bis.testcases.TC006_BIS_ASO">
    <error type="java.lang.NullPointerException">
      <![CDATA[java.lang.NullPointerException
at org.openqa.selenium.support.ui.Select.<init>(Select.java:44)
at com.ibps.pages.DetailsPage_Basic.selectDropDownUsingVisibleText(DetailsPage_Basic.java:91)
at com.bis.testcases.TC006_BIS_ASO.adminLoginCheck(TC006_BIS_ASO.java:66)
at sun.reflect.GeneratedMethodAccessor61.invoke(Unknown Source)
at sun.reflect.DelegatingMethodAccessorImpl.invoke(Unknown Source)
at java.lang.reflect.Method.invoke(Unknown Source)
at org.testng.internal.MethodInvocationHelper.invokeMethod(MethodInvocationHelper.java:133)
at org.testng.internal.TestInvoker.invokeMethod(TestInvoker.java:598)
at org.testng.internal.TestInvoker.invokeTestMethod(TestInvoker.java:173)
at org.testng.internal.MethodRunner.runInSequence(MethodRunner.java:46)
at org.testng.internal.TestInvoker$MethodInvocationAgent.invoke(TestInvoker.java:824)
at org.testng.internal.TestInvoker.invokeTestMethods(TestInvoker.java:146)
at org.testng.internal.TestMethodWorker.invokeTestMethods(TestMethodWorker.java:146)
at org.testng.internal.TestMethodWorker.run(TestMethodWorker.java:128)
at java.util.ArrayList.forEach(Unknown Source)
at org.testng.TestRunner.privateRun(TestRunner.java:794)
at org.testng.TestRunner.run(TestRunner.java:596)
at org.testng.SuiteRunner.runTest(SuiteRunner.java:377)
at org.testng.SuiteRunner.runSequentially(SuiteRunner.java:371)
at org.testng.SuiteRunner.privateRun(SuiteRunner.java:332)
at org.testng.SuiteRunner.run(SuiteRunner.java:276)
at org.testng.SuiteRunnerWorker.runSuite(SuiteRunnerWorker.java:53)
at org.testng.SuiteRunnerWorker.run(SuiteRunnerWorker.java:96)
at org.testng.TestNG.runSuitesSequentially(TestNG.java:1212)
at org.testng.TestNG.runSuitesLocally(TestNG.java:1134)
at org.testng.TestNG.runSuites(TestNG.java:1063)
at org.testng.TestNG.run(TestNG.java:1031)
at org.testng.remote.AbstractRemoteTestNG.run(AbstractRemoteTestNG.java:115)
at org.testng.remote.RemoteTestNG.initAndRun(RemoteTestNG.java:251)
at org.testng.remote.RemoteTestNG.main(RemoteTestNG.java:77)
]]>
    </error>
  </testcase> <!-- adminLoginCheck -->
  <system-out/>
  <testcase name="adminLoginCheck" time="124.400" classname="com.bis.testcases.TC006_BIS_ASO"/>
  <system-out/>
  <testcase name="adminLoginCheck" time="133.291" classname="com.bis.testcases.TC006_BIS_ASO"/>
  <system-out/>
  <testcase name="adminLoginCheck" time="157.241" classname="com.bis.testcases.TC006_BIS_ASO"/>
  <system-out/>
  <testcase name="adminLoginCheck" time="137.170" classname="com.bis.testcases.TC006_BIS_ASO"/>
  <system-out/>
  <testcase name="adminLoginCheck" time="127.345" classname="com.bis.testcases.TC006_BIS_ASO"/>
  <system-out/>
  <testcase name="adminLoginCheck" time="134.522" classname="com.bis.testcases.TC006_BIS_ASO"/>
  <system-out/>
  <testcase name="adminLoginCheck" time="140.986" classname="com.bis.testcases.TC006_BIS_ASO"/>
  <system-out/>
  <testcase name="adminLoginCheck" time="13.116" classname="com.bis.testcases.TC006_BIS_ASO">
    <error type="java.lang.NullPointerException">
      <![CDATA[java.lang.NullPointerException
at org.openqa.selenium.support.ui.Select.<init>(Select.java:44)
at com.ibps.pages.DetailsPage_Basic.selectDropDownUsingVisibleText(DetailsPage_Basic.java:91)
at com.bis.testcases.TC006_BIS_ASO.adminLoginCheck(TC006_BIS_ASO.java:66)
at sun.reflect.GeneratedMethodAccessor61.invoke(Unknown Source)
at sun.reflect.DelegatingMethodAccessorImpl.invoke(Unknown Source)
at java.lang.reflect.Method.invoke(Unknown Source)
at org.testng.internal.MethodInvocationHelper.invokeMethod(MethodInvocationHelper.java:133)
at org.testng.internal.TestInvoker.invokeMethod(TestInvoker.java:598)
at org.testng.internal.TestInvoker.invokeTestMethod(TestInvoker.java:173)
at org.testng.internal.MethodRunner.runInSequence(MethodRunner.java:46)
at org.testng.internal.TestInvoker$MethodInvocationAgent.invoke(TestInvoker.java:824)
at org.testng.internal.TestInvoker.invokeTestMethods(TestInvoker.java:146)
at org.testng.internal.TestMethodWorker.invokeTestMethods(TestMethodWorker.java:146)
at org.testng.internal.TestMethodWorker.run(TestMethodWorker.java:128)
at java.util.ArrayList.forEach(Unknown Source)
at org.testng.TestRunner.privateRun(TestRunner.java:794)
at org.testng.TestRunner.run(TestRunner.java:596)
at org.testng.SuiteRunner.runTest(SuiteRunner.java:377)
at org.testng.SuiteRunner.runSequentially(SuiteRunner.java:371)
at org.testng.SuiteRunner.privateRun(SuiteRunner.java:332)
at org.testng.SuiteRunner.run(SuiteRunner.java:276)
at org.testng.SuiteRunnerWorker.runSuite(SuiteRunnerWorker.java:53)
at org.testng.SuiteRunnerWorker.run(SuiteRunnerWorker.java:96)
at org.testng.TestNG.runSuitesSequentially(TestNG.java:1212)
at org.testng.TestNG.runSuitesLocally(TestNG.java:1134)
at org.testng.TestNG.runSuites(TestNG.java:1063)
at org.testng.TestNG.run(TestNG.java:1031)
at org.testng.remote.AbstractRemoteTestNG.run(AbstractRemoteTestNG.java:115)
at org.testng.remote.RemoteTestNG.initAndRun(RemoteTestNG.java:251)
at org.testng.remote.RemoteTestNG.main(RemoteTestNG.java:77)
]]>
    </error>
  </testcase> <!-- adminLoginCheck -->
  <system-out/>
  <testcase name="adminLoginCheck" time="1.581" classname="com.bis.testcases.TC006_BIS_ASO">
    <skipped/>
  </testcase> <!-- adminLoginCheck -->
  <system-out/>
  <testcase name="adminLoginCheck" time="147.886" classname="com.bis.testcases.TC006_BIS_ASO"/>
  <system-out/>
  <testcase name="adminLoginCheck" time="142.258" classname="com.bis.testcases.TC006_BIS_ASO"/>
  <system-out/>
  <testcase name="adminLoginCheck" time="132.323" classname="com.bis.testcases.TC006_BIS_ASO"/>
  <system-out/>
  <testcase name="adminLoginCheck" time="140.818" classname="com.bis.testcases.TC006_BIS_ASO"/>
  <system-out/>
  <testcase name="adminLoginCheck" time="141.185" classname="com.bis.testcases.TC006_BIS_ASO"/>
  <system-out/>
  <testcase name="adminLoginCheck" time="141.714" classname="com.bis.testcases.TC006_BIS_ASO"/>
  <system-out/>
  <testcase name="adminLoginCheck" time="134.624" classname="com.bis.testcases.TC006_BIS_ASO"/>
  <system-out/>
  <testcase name="adminLoginCheck" time="1.615" classname="com.bis.testcases.TC006_BIS_ASO">
    <skipped/>
  </testcase> <!-- adminLoginCheck -->
  <system-out/>
  <testcase name="adminLoginCheck" time="137.111" classname="com.bis.testcases.TC006_BIS_ASO"/>
  <system-out/>
  <testcase name="adminLoginCheck" time="151.144" classname="com.bis.testcases.TC006_BIS_ASO"/>
  <system-out/>
  <testcase name="adminLoginCheck" time="1.497" classname="com.bis.testcases.TC006_BIS_ASO">
    <skipped/>
  </testcase> <!-- adminLoginCheck -->
  <system-out/>
  <testcase name="beforeMethod" time="78.502" classname="com.bis.testcases.TC006_BIS_ASO">
    <error type="java.lang.RuntimeException" message="Unexpected result for screenshot command: null">
      <![CDATA[java.lang.RuntimeException: Unexpected result for screenshot command: null
at org.openqa.selenium.remote.RemoteWebDriver.getScreenshotAs(RemoteWebDriver.java:303)
at lib.selenium.WebDriverServiceImpl.takeSnap(WebDriverServiceImpl.java:969)
at lib.utils.HTMLReporter.reportStep(HTMLReporter.java:59)
at lib.utils.HTMLReporter.reportStep(HTMLReporter.java:115)
at lib.selenium.WebDriverServiceImpl.startApp(WebDriverServiceImpl.java:179)
at lib.selenium.PreAndPost.beforeMethod(PreAndPost.java:76)
at sun.reflect.GeneratedMethodAccessor60.invoke(Unknown Source)
at sun.reflect.DelegatingMethodAccessorImpl.invoke(Unknown Source)
at java.lang.reflect.Method.invoke(Unknown Source)
at org.testng.internal.MethodInvocationHelper.invokeMethod(MethodInvocationHelper.java:133)
at org.testng.internal.MethodInvocationHelper.invokeMethodConsideringTimeout(MethodInvocationHelper.java:62)
at org.testng.internal.ConfigInvoker.invokeConfigurationMethod(ConfigInvoker.java:385)
at org.testng.internal.ConfigInvoker.invokeConfigurations(ConfigInvoker.java:321)
at org.testng.internal.TestInvoker.runConfigMethods(TestInvoker.java:700)
at org.testng.internal.TestInvoker.invokeMethod(TestInvoker.java:527)
at org.testng.internal.TestInvoker.invokeTestMethod(TestInvoker.java:173)
at org.testng.internal.MethodRunner.runInSequence(MethodRunner.java:46)
at org.testng.internal.TestInvoker$MethodInvocationAgent.invoke(TestInvoker.java:824)
at org.testng.internal.TestInvoker.invokeTestMethods(TestInvoker.java:146)
at org.testng.internal.TestMethodWorker.invokeTestMethods(TestMethodWorker.java:146)
at org.testng.internal.TestMethodWorker.run(TestMethodWorker.java:128)
at java.util.ArrayList.forEach(Unknown Source)
at org.testng.TestRunner.privateRun(TestRunner.java:794)
at org.testng.TestRunner.run(TestRunner.java:596)
at org.testng.SuiteRunner.runTest(SuiteRunner.java:377)
at org.testng.SuiteRunner.runSequentially(SuiteRunner.java:371)
at org.testng.SuiteRunner.privateRun(SuiteRunner.java:332)
at org.testng.SuiteRunner.run(SuiteRunner.java:276)
at org.testng.SuiteRunnerWorker.runSuite(SuiteRunnerWorker.java:53)
at org.testng.SuiteRunnerWorker.run(SuiteRunnerWorker.java:96)
at org.testng.TestNG.runSuitesSequentially(TestNG.java:1212)
at org.testng.TestNG.runSuitesLocally(TestNG.java:1134)
at org.testng.TestNG.runSuites(TestNG.java:1063)
at org.testng.TestNG.run(TestNG.java:1031)
at org.testng.remote.AbstractRemoteTestNG.run(AbstractRemoteTestNG.java:115)
at org.testng.remote.RemoteTestNG.initAndRun(RemoteTestNG.java:251)
at org.testng.remote.RemoteTestNG.main(RemoteTestNG.java:77)
]]>
    </error>
  </testcase> <!-- beforeMethod -->
  <system-out/>
  <testcase name="adminLoginCheck" time="71.959" classname="com.bis.testcases.TC006_BIS_ASO">
    <error type="java.lang.NullPointerException">
      <![CDATA[java.lang.NullPointerException
at com.ibps.pages.DetailsPage_Basic.radioButtonXpath(DetailsPage_Basic.java:43)
at com.bis.testcases.TC006_BIS_ASO.adminLoginCheck(TC006_BIS_ASO.java:84)
at sun.reflect.GeneratedMethodAccessor61.invoke(Unknown Source)
at sun.reflect.DelegatingMethodAccessorImpl.invoke(Unknown Source)
at java.lang.reflect.Method.invoke(Unknown Source)
at org.testng.internal.MethodInvocationHelper.invokeMethod(MethodInvocationHelper.java:133)
at org.testng.internal.TestInvoker.invokeMethod(TestInvoker.java:598)
at org.testng.internal.TestInvoker.invokeTestMethod(TestInvoker.java:173)
at org.testng.internal.MethodRunner.runInSequence(MethodRunner.java:46)
at org.testng.internal.TestInvoker$MethodInvocationAgent.invoke(TestInvoker.java:824)
at org.testng.internal.TestInvoker.invokeTestMethods(TestInvoker.java:146)
at org.testng.internal.TestMethodWorker.invokeTestMethods(TestMethodWorker.java:146)
at org.testng.internal.TestMethodWorker.run(TestMethodWorker.java:128)
at java.util.ArrayList.forEach(Unknown Source)
at org.testng.TestRunner.privateRun(TestRunner.java:794)
at org.testng.TestRunner.run(TestRunner.java:596)
at org.testng.SuiteRunner.runTest(SuiteRunner.java:377)
at org.testng.SuiteRunner.runSequentially(SuiteRunner.java:371)
at org.testng.SuiteRunner.privateRun(SuiteRunner.java:332)
at org.testng.SuiteRunner.run(SuiteRunner.java:276)
at org.testng.SuiteRunnerWorker.runSuite(SuiteRunnerWorker.java:53)
at org.testng.SuiteRunnerWorker.run(SuiteRunnerWorker.java:96)
at org.testng.TestNG.runSuitesSequentially(TestNG.java:1212)
at org.testng.TestNG.runSuitesLocally(TestNG.java:1134)
at org.testng.TestNG.runSuites(TestNG.java:1063)
at org.testng.TestNG.run(TestNG.java:1031)
at org.testng.remote.AbstractRemoteTestNG.run(AbstractRemoteTestNG.java:115)
at org.testng.remote.RemoteTestNG.initAndRun(RemoteTestNG.java:251)
at org.testng.remote.RemoteTestNG.main(RemoteTestNG.java:77)
]]>
    </error>
  </testcase> <!-- adminLoginCheck -->
  <system-out/>
  <testcase name="adminLoginCheck" time="158.245" classname="com.bis.testcases.TC006_BIS_ASO"/>
  <system-out/>
  <testcase name="adminLoginCheck" time="135.123" classname="com.bis.testcases.TC006_BIS_ASO"/>
  <system-out/>
  <testcase name="adminLoginCheck" time="145.094" classname="com.bis.testcases.TC006_BIS_ASO"/>
  <system-out/>
  <testcase name="adminLoginCheck" time="1.886" classname="com.bis.testcases.TC006_BIS_ASO">
    <skipped/>
  </testcase> <!-- adminLoginCheck -->
  <system-out/>
  <testcase name="adminLoginCheck" time="129.053" classname="com.bis.testcases.TC006_BIS_ASO"/>
  <system-out/>
  <testcase name="adminLoginCheck" time="145.337" classname="com.bis.testcases.TC006_BIS_ASO"/>
  <system-out/>
  <testcase name="adminLoginCheck" time="150.096" classname="com.bis.testcases.TC006_BIS_ASO"/>
  <system-out/>
  <testcase name="adminLoginCheck" time="139.442" classname="com.bis.testcases.TC006_BIS_ASO"/>
  <system-out/>
  <testcase name="adminLoginCheck" time="151.157" classname="com.bis.testcases.TC006_BIS_ASO"/>
  <system-out/>
  <testcase name="adminLoginCheck" time="1.684" classname="com.bis.testcases.TC006_BIS_ASO">
    <skipped/>
  </testcase> <!-- adminLoginCheck -->
  <system-out/>
  <testcase name="adminLoginCheck" time="173.006" classname="com.bis.testcases.TC006_BIS_ASO"/>
  <system-out/>
  <testcase name="adminLoginCheck" time="140.019" classname="com.bis.testcases.TC006_BIS_ASO"/>
  <system-out/>
  <testcase name="adminLoginCheck" time="138.330" classname="com.bis.testcases.TC006_BIS_ASO"/>
  <system-out/>
  <testcase name="adminLoginCheck" time="155.456" classname="com.bis.testcases.TC006_BIS_ASO"/>
  <system-out/>
  <testcase name="adminLoginCheck" time="15.470" classname="com.bis.testcases.TC006_BIS_ASO">
    <error type="java.lang.NullPointerException">
      <![CDATA[java.lang.NullPointerException
at org.openqa.selenium.support.ui.Select.<init>(Select.java:44)
at com.ibps.pages.DetailsPage_Basic.selectDropDownUsingVisibleText(DetailsPage_Basic.java:91)
at com.bis.testcases.TC006_BIS_ASO.adminLoginCheck(TC006_BIS_ASO.java:66)
at sun.reflect.GeneratedMethodAccessor61.invoke(Unknown Source)
at sun.reflect.DelegatingMethodAccessorImpl.invoke(Unknown Source)
at java.lang.reflect.Method.invoke(Unknown Source)
at org.testng.internal.MethodInvocationHelper.invokeMethod(MethodInvocationHelper.java:133)
at org.testng.internal.TestInvoker.invokeMethod(TestInvoker.java:598)
at org.testng.internal.TestInvoker.invokeTestMethod(TestInvoker.java:173)
at org.testng.internal.MethodRunner.runInSequence(MethodRunner.java:46)
at org.testng.internal.TestInvoker$MethodInvocationAgent.invoke(TestInvoker.java:824)
at org.testng.internal.TestInvoker.invokeTestMethods(TestInvoker.java:146)
at org.testng.internal.TestMethodWorker.invokeTestMethods(TestMethodWorker.java:146)
at org.testng.internal.TestMethodWorker.run(TestMethodWorker.java:128)
at java.util.ArrayList.forEach(Unknown Source)
at org.testng.TestRunner.privateRun(TestRunner.java:794)
at org.testng.TestRunner.run(TestRunner.java:596)
at org.testng.SuiteRunner.runTest(SuiteRunner.java:377)
at org.testng.SuiteRunner.runSequentially(SuiteRunner.java:371)
at org.testng.SuiteRunner.privateRun(SuiteRunner.java:332)
at org.testng.SuiteRunner.run(SuiteRunner.java:276)
at org.testng.SuiteRunnerWorker.runSuite(SuiteRunnerWorker.java:53)
at org.testng.SuiteRunnerWorker.run(SuiteRunnerWorker.java:96)
at org.testng.TestNG.runSuitesSequentially(TestNG.java:1212)
at org.testng.TestNG.runSuitesLocally(TestNG.java:1134)
at org.testng.TestNG.runSuites(TestNG.java:1063)
at org.testng.TestNG.run(TestNG.java:1031)
at org.testng.remote.AbstractRemoteTestNG.run(AbstractRemoteTestNG.java:115)
at org.testng.remote.RemoteTestNG.initAndRun(RemoteTestNG.java:251)
at org.testng.remote.RemoteTestNG.main(RemoteTestNG.java:77)
]]>
    </error>
  </testcase> <!-- adminLoginCheck -->
  <system-out/>
  <testcase name="adminLoginCheck" time="138.315" classname="com.bis.testcases.TC006_BIS_ASO"/>
  <system-out/>
  <testcase name="adminLoginCheck" time="1.834" classname="com.bis.testcases.TC006_BIS_ASO">
    <skipped/>
  </testcase> <!-- adminLoginCheck -->
  <system-out/>
  <testcase name="adminLoginCheck" time="138.557" classname="com.bis.testcases.TC006_BIS_ASO"/>
  <system-out/>
  <testcase name="adminLoginCheck" time="148.173" classname="com.bis.testcases.TC006_BIS_ASO"/>
  <system-out/>
  <testcase name="adminLoginCheck" time="135.423" classname="com.bis.testcases.TC006_BIS_ASO"/>
  <system-out/>
  <testcase name="adminLoginCheck" time="161.047" classname="com.bis.testcases.TC006_BIS_ASO"/>
  <system-out/>
  <testcase name="adminLoginCheck" time="137.622" classname="com.bis.testcases.TC006_BIS_ASO"/>
  <system-out/>
  <testcase name="adminLoginCheck" time="141.274" classname="com.bis.testcases.TC006_BIS_ASO"/>
  <system-out/>
  <testcase name="adminLoginCheck" time="53.251" classname="com.bis.testcases.TC006_BIS_ASO">
    <error type="java.lang.NullPointerException">
      <![CDATA[java.lang.NullPointerException
at lib.selenium.WebDriverServiceImpl.type(WebDriverServiceImpl.java:311)
at com.ibps.pages.PhotoSignPage.uploadFile(PhotoSignPage.java:39)
at com.bis.testcases.TC006_BIS_ASO.adminLoginCheck(TC006_BIS_ASO.java:59)
at sun.reflect.GeneratedMethodAccessor61.invoke(Unknown Source)
at sun.reflect.DelegatingMethodAccessorImpl.invoke(Unknown Source)
at java.lang.reflect.Method.invoke(Unknown Source)
at org.testng.internal.MethodInvocationHelper.invokeMethod(MethodInvocationHelper.java:133)
at org.testng.internal.TestInvoker.invokeMethod(TestInvoker.java:598)
at org.testng.internal.TestInvoker.invokeTestMethod(TestInvoker.java:173)
at org.testng.internal.MethodRunner.runInSequence(MethodRunner.java:46)
at org.testng.internal.TestInvoker$MethodInvocationAgent.invoke(TestInvoker.java:824)
at org.testng.internal.TestInvoker.invokeTestMethods(TestInvoker.java:146)
at org.testng.internal.TestMethodWorker.invokeTestMethods(TestMethodWorker.java:146)
at org.testng.internal.TestMethodWorker.run(TestMethodWorker.java:128)
at java.util.ArrayList.forEach(Unknown Source)
at org.testng.TestRunner.privateRun(TestRunner.java:794)
at org.testng.TestRunner.run(TestRunner.java:596)
at org.testng.SuiteRunner.runTest(SuiteRunner.java:377)
at org.testng.SuiteRunner.runSequentially(SuiteRunner.java:371)
at org.testng.SuiteRunner.privateRun(SuiteRunner.java:332)
at org.testng.SuiteRunner.run(SuiteRunner.java:276)
at org.testng.SuiteRunnerWorker.runSuite(SuiteRunnerWorker.java:53)
at org.testng.SuiteRunnerWorker.run(SuiteRunnerWorker.java:96)
at org.testng.TestNG.runSuitesSequentially(TestNG.java:1212)
at org.testng.TestNG.runSuitesLocally(TestNG.java:1134)
at org.testng.TestNG.runSuites(TestNG.java:1063)
at org.testng.TestNG.run(TestNG.java:1031)
at org.testng.remote.AbstractRemoteTestNG.run(AbstractRemoteTestNG.java:115)
at org.testng.remote.RemoteTestNG.initAndRun(RemoteTestNG.java:251)
at org.testng.remote.RemoteTestNG.main(RemoteTestNG.java:77)
]]>
    </error>
  </testcase> <!-- adminLoginCheck -->
  <system-out/>
  <testcase name="adminLoginCheck" time="144.584" classname="com.bis.testcases.TC006_BIS_ASO"/>
  <system-out/>
  <testcase name="adminLoginCheck" time="133.310" classname="com.bis.testcases.TC006_BIS_ASO"/>
  <system-out/>
  <testcase name="adminLoginCheck" time="153.475" classname="com.bis.testcases.TC006_BIS_ASO"/>
  <system-out/>
  <testcase name="adminLoginCheck" time="141.215" classname="com.bis.testcases.TC006_BIS_ASO"/>
  <system-out/>
  <testcase name="adminLoginCheck" time="146.746" classname="com.bis.testcases.TC006_BIS_ASO"/>
  <system-out/>
  <testcase name="adminLoginCheck" time="141.017" classname="com.bis.testcases.TC006_BIS_ASO"/>
  <system-out/>
  <testcase name="adminLoginCheck" time="135.038" classname="com.bis.testcases.TC006_BIS_ASO"/>
  <system-out/>
  <testcase name="adminLoginCheck" time="122.383" classname="com.bis.testcases.TC006_BIS_ASO"/>
  <system-out/>
  <testcase name="adminLoginCheck" time="0.000" classname="com.bis.testcases.TC006_BIS_ASO">
    <skipped/>
  </testcase> <!-- adminLoginCheck -->
  <system-out/>
  <testcase name="adminLoginCheck" time="0.000" classname="com.bis.testcases.TC006_BIS_ASO">
    <skipped/>
  </testcase> <!-- adminLoginCheck -->
  <system-out/>
</testsuite> <!-- com.bis.testcases.TC006_BIS_ASO -->
