<?xml version="1.0" encoding="UTF-8"?>
<!-- Generated by org.testng.reporters.JUnitReportReporter -->
<testsuite skipped="14" hostname="MAASDS02610A" name="com.rashtriya.testcases.TC005_RashtriyaFeesSubmision" tests="16" failures="0" timestamp="2022-08-29T12:09:29 IST" time="24.855" errors="2">
  <testcase name="adminLoginCheck" time="3.642" classname="com.rashtriya.testcases.TC005_RashtriyaFeesSubmision">
    <skipped/>
  </testcase> <!-- adminLoginCheck -->
  <system-out/>
  <testcase name="adminLoginCheck" time="21.212" classname="com.rashtriya.testcases.TC005_RashtriyaFeesSubmision">
    <error type="org.openqa.selenium.NoSuchElementException" message="no such element: Unable to locate element: {&quot;method&quot;:&quot;xpath&quot;,&quot;selector&quot;:&quot;//a[text()=&#039;Basic Info&#039;]&quot;}
  (Session info: chrome=104.0.5112.102)
For documentation on this error, please visit: http://seleniumhq.org/exceptions/no_such_element.html
Build info: version: &#039;3.13.0&#039;, revision: &#039;2f0d292&#039;, time: &#039;2018-06-25T15:24:21.231Z&#039;
System info: host: &#039;MAASDS02610A&#039;, ip: &#039;100.67.35.218&#039;, os.name: &#039;Windows 10&#039;, os.arch: &#039;amd64&#039;, os.version: &#039;10.0&#039;, java.version: &#039;1.8.0_281&#039;
Driver info: org.openqa.selenium.chrome.ChromeDriver
Capabilities {acceptInsecureCerts: false, browserName: chrome, browserVersion: 104.0.5112.102, chrome: {chromedriverVersion: 104.0.5112.79 (3cf3e8c8a07d..., userDataDir: C:\Users\SDS02610\AppData\L...}, goog:chromeOptions: {debuggerAddress: localhost:50465}, javascriptEnabled: true, networkConnectionEnabled: false, pageLoadStrategy: normal, platform: WINDOWS, platformName: WINDOWS, proxy: Proxy(), setWindowRect: true, strictFileInteractability: false, timeouts: {implicit: 0, pageLoad: 300000, script: 30000}, unhandledPromptBehavior: dismiss and notify, webauthn:extension:credBlob: true, webauthn:extension:largeBlob: true, webauthn:virtualAuthenticators: true}
Session ID: 431d8bb096efdf061f5ef5e4237884d8
*** Element info: {Using=xpath, value=//a[text()=&#039;Basic Info&#039;]}">
      <![CDATA[org.openqa.selenium.NoSuchElementException: no such element: Unable to locate element: {"method":"xpath","selector":"//a[text()='Basic Info']"}
  (Session info: chrome=104.0.5112.102)
For documentation on this error, please visit: http://seleniumhq.org/exceptions/no_such_element.html
Build info: version: '3.13.0', revision: '2f0d292', time: '2018-06-25T15:24:21.231Z'
System info: host: 'MAASDS02610A', ip: '100.67.35.218', os.name: 'Windows 10', os.arch: 'amd64', os.version: '10.0', java.version: '1.8.0_281'
Driver info: org.openqa.selenium.chrome.ChromeDriver
Capabilities {acceptInsecureCerts: false, browserName: chrome, browserVersion: 104.0.5112.102, chrome: {chromedriverVersion: 104.0.5112.79 (3cf3e8c8a07d..., userDataDir: C:\Users\SDS02610\AppData\L...}, goog:chromeOptions: {debuggerAddress: localhost:50465}, javascriptEnabled: true, networkConnectionEnabled: false, pageLoadStrategy: normal, platform: WINDOWS, platformName: WINDOWS, proxy: Proxy(), setWindowRect: true, strictFileInteractability: false, timeouts: {implicit: 0, pageLoad: 300000, script: 30000}, unhandledPromptBehavior: dismiss and notify, webauthn:extension:credBlob: true, webauthn:extension:largeBlob: true, webauthn:virtualAuthenticators: true}
Session ID: 431d8bb096efdf061f5ef5e4237884d8
*** Element info: {Using=xpath, value=//a[text()='Basic Info']}
at sun.reflect.NativeConstructorAccessorImpl.newInstance0(Native Method)
at sun.reflect.NativeConstructorAccessorImpl.newInstance(Unknown Source)
at sun.reflect.DelegatingConstructorAccessorImpl.newInstance(Unknown Source)
at java.lang.reflect.Constructor.newInstance(Unknown Source)
at org.openqa.selenium.remote.http.W3CHttpResponseCodec.createException(W3CHttpResponseCodec.java:187)
at org.openqa.selenium.remote.http.W3CHttpResponseCodec.decode(W3CHttpResponseCodec.java:122)
at org.openqa.selenium.remote.http.W3CHttpResponseCodec.decode(W3CHttpResponseCodec.java:49)
at org.openqa.selenium.remote.HttpCommandExecutor.execute(HttpCommandExecutor.java:158)
at org.openqa.selenium.remote.service.DriverCommandExecutor.execute(DriverCommandExecutor.java:83)
at org.openqa.selenium.remote.RemoteWebDriver.execute(RemoteWebDriver.java:548)
at org.openqa.selenium.remote.RemoteWebDriver.findElement(RemoteWebDriver.java:322)
at org.openqa.selenium.remote.RemoteWebDriver.findElementByXPath(RemoteWebDriver.java:424)
at lib.selenium.WebDriverServiceImpl.locateElement(WebDriverServiceImpl.java:297)
at com.rashtriya.pages.BasicInfoPage.checkActiveTab(BasicInfoPage.java:22)
at com.rashtriya.testcases.TC005_RashtriyaFeesSubmision.adminLoginCheck(TC005_RashtriyaFeesSubmision.java:54)
at sun.reflect.NativeMethodAccessorImpl.invoke0(Native Method)
at sun.reflect.NativeMethodAccessorImpl.invoke(Unknown Source)
at sun.reflect.DelegatingMethodAccessorImpl.invoke(Unknown Source)
at java.lang.reflect.Method.invoke(Unknown Source)
at org.testng.internal.MethodInvocationHelper.invokeMethod(MethodInvocationHelper.java:133)
at org.testng.internal.TestInvoker.invokeMethod(TestInvoker.java:598)
at org.testng.internal.TestInvoker.invokeTestMethod(TestInvoker.java:173)
at org.testng.internal.MethodRunner.runInSequence(MethodRunner.java:46)
at org.testng.internal.TestInvoker$MethodInvocationAgent.invoke(TestInvoker.java:824)
at org.testng.internal.TestInvoker.invokeTestMethods(TestInvoker.java:146)
at org.testng.internal.TestMethodWorker.invokeTestMethods(TestMethodWorker.java:146)
at org.testng.internal.TestMethodWorker.run(TestMethodWorker.java:128)
at java.util.concurrent.ThreadPoolExecutor.runWorker(Unknown Source)
at java.util.concurrent.ThreadPoolExecutor$Worker.run(Unknown Source)
at java.lang.Thread.run(Unknown Source)
]]>
    </error>
  </testcase> <!-- adminLoginCheck -->
  <system-out/>
  <testcase name="adminLoginCheck" time="0.000" classname="com.rashtriya.testcases.TC005_RashtriyaFeesSubmision">
    <skipped/>
  </testcase> <!-- adminLoginCheck -->
  <system-out/>
  <testcase name="adminLoginCheck" time="0.000" classname="com.rashtriya.testcases.TC005_RashtriyaFeesSubmision">
    <skipped/>
  </testcase> <!-- adminLoginCheck -->
  <system-out/>
  <testcase name="adminLoginCheck" time="0.000" classname="com.rashtriya.testcases.TC005_RashtriyaFeesSubmision">
    <skipped/>
  </testcase> <!-- adminLoginCheck -->
  <system-out/>
  <testcase name="adminLoginCheck" time="0.000" classname="com.rashtriya.testcases.TC005_RashtriyaFeesSubmision">
    <skipped/>
  </testcase> <!-- adminLoginCheck -->
  <system-out/>
  <testcase name="adminLoginCheck" time="0.000" classname="com.rashtriya.testcases.TC005_RashtriyaFeesSubmision">
    <skipped/>
  </testcase> <!-- adminLoginCheck -->
  <system-out/>
  <testcase name="adminLoginCheck" time="0.000" classname="com.rashtriya.testcases.TC005_RashtriyaFeesSubmision">
    <skipped/>
  </testcase> <!-- adminLoginCheck -->
  <system-out/>
  <testcase name="adminLoginCheck" time="0.000" classname="com.rashtriya.testcases.TC005_RashtriyaFeesSubmision">
    <skipped/>
  </testcase> <!-- adminLoginCheck -->
  <system-out/>
  <testcase name="adminLoginCheck" time="0.000" classname="com.rashtriya.testcases.TC005_RashtriyaFeesSubmision">
    <skipped/>
  </testcase> <!-- adminLoginCheck -->
  <system-out/>
  <testcase name="adminLoginCheck" time="0.000" classname="com.rashtriya.testcases.TC005_RashtriyaFeesSubmision">
    <skipped/>
  </testcase> <!-- adminLoginCheck -->
  <system-out/>
  <testcase name="adminLoginCheck" time="0.000" classname="com.rashtriya.testcases.TC005_RashtriyaFeesSubmision">
    <skipped/>
  </testcase> <!-- adminLoginCheck -->
  <system-out/>
  <testcase name="afterMethod" time="0.001" classname="com.rashtriya.testcases.TC005_RashtriyaFeesSubmision">
    <error type="java.lang.NullPointerException">
      <![CDATA[java.lang.NullPointerException
at lib.utils.HTMLReporter.endResult(HTMLReporter.java:122)
at lib.selenium.PreAndPost.afterMethod(PreAndPost.java:105)
at sun.reflect.NativeMethodAccessorImpl.invoke0(Native Method)
at sun.reflect.NativeMethodAccessorImpl.invoke(Unknown Source)
at sun.reflect.DelegatingMethodAccessorImpl.invoke(Unknown Source)
at java.lang.reflect.Method.invoke(Unknown Source)
at org.testng.internal.MethodInvocationHelper.invokeMethod(MethodInvocationHelper.java:133)
at org.testng.internal.MethodInvocationHelper.invokeMethodConsideringTimeout(MethodInvocationHelper.java:62)
at org.testng.internal.ConfigInvoker.invokeConfigurationMethod(ConfigInvoker.java:385)
at org.testng.internal.ConfigInvoker.invokeConfigurations(ConfigInvoker.java:321)
at org.testng.internal.TestInvoker.runConfigMethods(TestInvoker.java:700)
at org.testng.internal.TestInvoker.runAfterGroupsConfigurations(TestInvoker.java:676)
at org.testng.internal.TestInvoker.invokeMethod(TestInvoker.java:660)
at org.testng.internal.TestInvoker.invokeTestMethod(TestInvoker.java:173)
at org.testng.internal.MethodRunner.runInSequence(MethodRunner.java:46)
at org.testng.internal.TestInvoker$MethodInvocationAgent.invoke(TestInvoker.java:824)
at org.testng.internal.TestInvoker.invokeTestMethods(TestInvoker.java:146)
at org.testng.internal.TestMethodWorker.invokeTestMethods(TestMethodWorker.java:146)
at org.testng.internal.TestMethodWorker.run(TestMethodWorker.java:128)
at java.util.concurrent.ThreadPoolExecutor.runWorker(Unknown Source)
at java.util.concurrent.ThreadPoolExecutor$Worker.run(Unknown Source)
at java.lang.Thread.run(Unknown Source)
]]>
    </error>
  </testcase> <!-- afterMethod -->
  <system-out/>
  <testcase name="adminLoginCheck" time="0.000" classname="com.rashtriya.testcases.TC005_RashtriyaFeesSubmision">
    <skipped/>
  </testcase> <!-- adminLoginCheck -->
  <system-out/>
  <testcase name="adminLoginCheck" time="0.000" classname="com.rashtriya.testcases.TC005_RashtriyaFeesSubmision">
    <skipped/>
  </testcase> <!-- adminLoginCheck -->
  <system-out/>
  <testcase name="adminLoginCheck" time="0.000" classname="com.rashtriya.testcases.TC005_RashtriyaFeesSubmision">
    <skipped/>
  </testcase> <!-- adminLoginCheck -->
  <system-out/>
</testsuite> <!-- com.rashtriya.testcases.TC005_RashtriyaFeesSubmision -->
