<?xml version="1.0" encoding="UTF-8"?>
<!-- Generated by org.testng.reporters.JUnitReportReporter -->
<testsuite skipped="0" hostname="MAASDS02610A" name="com.bis.testcases.TC004_BIS_AD_Marketing" tests="15" failures="0" timestamp="2022-09-21T10:35:26 IST" time="2020.765" errors="2">
  <testcase name="adminLoginCheck" time="146.948" classname="com.bis.testcases.TC004_BIS_AD_Marketing"/>
  <system-out/>
  <testcase name="adminLoginCheck" time="149.782" classname="com.bis.testcases.TC004_BIS_AD_Marketing"/>
  <system-out/>
  <testcase name="adminLoginCheck" time="140.320" classname="com.bis.testcases.TC004_BIS_AD_Marketing"/>
  <system-out/>
  <testcase name="adminLoginCheck" time="143.867" classname="com.bis.testcases.TC004_BIS_AD_Marketing"/>
  <system-out/>
  <testcase name="adminLoginCheck" time="132.446" classname="com.bis.testcases.TC004_BIS_AD_Marketing"/>
  <system-out/>
  <testcase name="adminLoginCheck" time="32.494" classname="com.bis.testcases.TC004_BIS_AD_Marketing">
    <error type="java.lang.NullPointerException">
      <![CDATA[java.lang.NullPointerException
at com.ibps.pages.DetailsPage_Basic.radioButtonXpath(DetailsPage_Basic.java:43)
at com.bis.testcases.TC004_BIS_AD_Marketing.adminLoginCheck(TC004_BIS_AD_Marketing.java:84)
at sun.reflect.NativeMethodAccessorImpl.invoke0(Native Method)
at sun.reflect.NativeMethodAccessorImpl.invoke(Unknown Source)
at sun.reflect.DelegatingMethodAccessorImpl.invoke(Unknown Source)
at java.lang.reflect.Method.invoke(Unknown Source)
at org.testng.internal.MethodInvocationHelper.invokeMethod(MethodInvocationHelper.java:133)
at org.testng.internal.TestInvoker.invokeMethod(TestInvoker.java:598)
at org.testng.internal.TestInvoker.invokeTestMethod(TestInvoker.java:173)
at org.testng.internal.MethodRunner.runInSequence(MethodRunner.java:46)
at org.testng.internal.TestInvoker$MethodInvocationAgent.invoke(TestInvoker.java:824)
at org.testng.internal.TestInvoker.invokeTestMethods(TestInvoker.java:146)
at org.testng.internal.TestMethodWorker.invokeTestMethods(TestMethodWorker.java:146)
at org.testng.internal.TestMethodWorker.run(TestMethodWorker.java:128)
at java.util.ArrayList.forEach(Unknown Source)
at org.testng.TestRunner.privateRun(TestRunner.java:794)
at org.testng.TestRunner.run(TestRunner.java:596)
at org.testng.SuiteRunner.runTest(SuiteRunner.java:377)
at org.testng.SuiteRunner.runSequentially(SuiteRunner.java:371)
at org.testng.SuiteRunner.privateRun(SuiteRunner.java:332)
at org.testng.SuiteRunner.run(SuiteRunner.java:276)
at org.testng.SuiteRunnerWorker.runSuite(SuiteRunnerWorker.java:53)
at org.testng.SuiteRunnerWorker.run(SuiteRunnerWorker.java:96)
at org.testng.TestNG.runSuitesSequentially(TestNG.java:1212)
at org.testng.TestNG.runSuitesLocally(TestNG.java:1134)
at org.testng.TestNG.runSuites(TestNG.java:1063)
at org.testng.TestNG.run(TestNG.java:1031)
at org.testng.remote.AbstractRemoteTestNG.run(AbstractRemoteTestNG.java:115)
at org.testng.remote.RemoteTestNG.initAndRun(RemoteTestNG.java:251)
at org.testng.remote.RemoteTestNG.main(RemoteTestNG.java:77)
]]>
    </error>
  </testcase> <!-- adminLoginCheck -->
  <system-out/>
  <testcase name="adminLoginCheck" time="137.542" classname="com.bis.testcases.TC004_BIS_AD_Marketing"/>
  <system-out/>
  <testcase name="adminLoginCheck" time="129.225" classname="com.bis.testcases.TC004_BIS_AD_Marketing"/>
  <system-out/>
  <testcase name="adminLoginCheck" time="150.210" classname="com.bis.testcases.TC004_BIS_AD_Marketing"/>
  <system-out/>
  <testcase name="adminLoginCheck" time="143.282" classname="com.bis.testcases.TC004_BIS_AD_Marketing"/>
  <system-out/>
  <testcase name="adminLoginCheck" time="130.048" classname="com.bis.testcases.TC004_BIS_AD_Marketing"/>
  <system-out/>
  <testcase name="adminLoginCheck" time="137.225" classname="com.bis.testcases.TC004_BIS_AD_Marketing"/>
  <system-out/>
  <testcase name="adminLoginCheck" time="133.408" classname="com.bis.testcases.TC004_BIS_AD_Marketing"/>
  <system-out/>
  <testcase name="adminLoginCheck" time="164.504" classname="com.bis.testcases.TC004_BIS_AD_Marketing"/>
  <system-out/>
  <testcase name="adminLoginCheck" time="149.464" classname="com.bis.testcases.TC004_BIS_AD_Marketing">
    <error type="java.lang.NullPointerException">
      <![CDATA[java.lang.NullPointerException
at com.ibps.pages.DetailsPage_Basic.radioButtonXpath(DetailsPage_Basic.java:43)
at com.bis.testcases.TC004_BIS_AD_Marketing.adminLoginCheck(TC004_BIS_AD_Marketing.java:85)
at sun.reflect.NativeMethodAccessorImpl.invoke0(Native Method)
at sun.reflect.NativeMethodAccessorImpl.invoke(Unknown Source)
at sun.reflect.DelegatingMethodAccessorImpl.invoke(Unknown Source)
at java.lang.reflect.Method.invoke(Unknown Source)
at org.testng.internal.MethodInvocationHelper.invokeMethod(MethodInvocationHelper.java:133)
at org.testng.internal.TestInvoker.invokeMethod(TestInvoker.java:598)
at org.testng.internal.TestInvoker.invokeTestMethod(TestInvoker.java:173)
at org.testng.internal.MethodRunner.runInSequence(MethodRunner.java:46)
at org.testng.internal.TestInvoker$MethodInvocationAgent.invoke(TestInvoker.java:824)
at org.testng.internal.TestInvoker.invokeTestMethods(TestInvoker.java:146)
at org.testng.internal.TestMethodWorker.invokeTestMethods(TestMethodWorker.java:146)
at org.testng.internal.TestMethodWorker.run(TestMethodWorker.java:128)
at java.util.ArrayList.forEach(Unknown Source)
at org.testng.TestRunner.privateRun(TestRunner.java:794)
at org.testng.TestRunner.run(TestRunner.java:596)
at org.testng.SuiteRunner.runTest(SuiteRunner.java:377)
at org.testng.SuiteRunner.runSequentially(SuiteRunner.java:371)
at org.testng.SuiteRunner.privateRun(SuiteRunner.java:332)
at org.testng.SuiteRunner.run(SuiteRunner.java:276)
at org.testng.SuiteRunnerWorker.runSuite(SuiteRunnerWorker.java:53)
at org.testng.SuiteRunnerWorker.run(SuiteRunnerWorker.java:96)
at org.testng.TestNG.runSuitesSequentially(TestNG.java:1212)
at org.testng.TestNG.runSuitesLocally(TestNG.java:1134)
at org.testng.TestNG.runSuites(TestNG.java:1063)
at org.testng.TestNG.run(TestNG.java:1031)
at org.testng.remote.AbstractRemoteTestNG.run(AbstractRemoteTestNG.java:115)
at org.testng.remote.RemoteTestNG.initAndRun(RemoteTestNG.java:251)
at org.testng.remote.RemoteTestNG.main(RemoteTestNG.java:77)
]]>
    </error>
  </testcase> <!-- adminLoginCheck -->
  <system-out/>
</testsuite> <!-- com.bis.testcases.TC004_BIS_AD_Marketing -->
